<?xml version="1.0" encoding="UTF-8"?>
<coverage generated="1683065221">
  <project timestamp="1683065221">
    <file name="D:\000_GitHub\_TEMP\bug-report-reproduction-scenarios\src\Foo.php">
      <class name="Jrf\CodeCoverage\Scenario\Foo" namespace="global">
        <metrics complexity="5" methods="5" coveredmethods="4" conditionals="5" coveredconditionals="4" statements="5" coveredstatements="4" elements="15" coveredelements="12"/>
      </class>
      <line num="7" type="method" name="methodA" visibility="public" complexity="1" crap="1" count="1"/>
      <line num="9" type="stmt" count="1"/>
      <line num="12" type="method" name="methodB" visibility="public" complexity="1" crap="1" count="1"/>
      <line num="14" type="stmt" count="1"/>
      <line num="17" type="method" name="methodC" visibility="public" complexity="1" crap="1" count="1"/>
      <line num="19" type="stmt" count="1"/>
      <line num="22" type="method" name="methodD" visibility="public" complexity="1" crap="1" count="1"/>
      <line num="24" type="stmt" count="1"/>
      <line num="27" type="method" name="methodE" visibility="public" complexity="1" crap="2" count="0"/>
      <line num="29" type="stmt" count="0"/>
      <metrics loc="32" ncloc="32" classes="1" methods="5" coveredmethods="4" conditionals="5" coveredconditionals="4" statements="5" coveredstatements="4" elements="15" coveredelements="12"/>
    </file>
    <metrics files="1" loc="32" ncloc="32" classes="1" methods="5" coveredmethods="4" conditionals="5" coveredconditionals="4" statements="5" coveredstatements="4" elements="15" coveredelements="12"/>
  </project>
</coverage>
